No sequences found for species: Pyrus hybrid cultivar
No sequences found for species: Pyrus communis x Pyrus ussuriensis
No sequences found for species: Pyrus sinkiangensis
No sequences found for species: Pyrus amygdaliformis
No sequences found for species: Pyrus koehnei
No sequences found for species: Pyrus x bretschneideri x Pyrus communis
No sequences found for species: Pyrus communis x Pyrus pyrifolia
No sequences found for species: Pyrus gharbiana
No sequences found for species: Pyrus boissieriana
No sequences found for species: Pyrus ghahremanii
No sequences found for species: Pyrus glabra
No sequences found for species: Pyrus sp. SERC-1076416105
No sequences found for species: Pyrus x bretschneideri x Pyrus pyrifolia
No sequences found for species: Pyrus sp. LWZ-2016
No sequences found for species: Pyrus x daralagezii
No sequences found for species: Pyrus argyrophylla
No sequences found for species: Pyrus chosrovica
No sequences found for species: Pyrus elata
No sequences found for species: Pyrus fedorovii
No sequences found for species: Pyrus georgica
No sequences found for species: Pyrus grossheimii
No sequences found for species: Pyrus cf. hyrcana MG-2017
No sequences found for species: Pyrus lindleyi
No sequences found for species: Pyrus magyarica
No sequences found for species: Pyrus medvedevii
No sequences found for species: Pyrus megrica
No sequences found for species: Pyrus nutans
No sequences found for species: Pyrus oxyprion
No sequences found for species: Pyrus sosnovskyi
No sequences found for species: Pyrus tamamschianae
No sequences found for species: Pyrus turcomanica
No sequences found for species: Pyrus zangezura
No sequences found for species: Pyrus sp. HL-2017
No sequences found for species: Pyrus pyrifolia x Pyrus communis
No sequences found for species: Pyrus sinkiangensis x Pyrus pyrifolia
No sequences found for species: Pyrus bourgaeana
No sequences found for species: Pyrus hybrid rootstock
No sequences found for species: Pyrus demetrii
No sequences found for species: Pyrus raddeana
No sequences found for species: Pyrus sp.
