No sequences found for species: Triticum aestivum x Triticum timopheevi
No sequences found for species: Triticum sp.
No sequences found for species: Triticum durum x Triticosecale sp.
No sequences found for species: Triticum dicoccoides
No sequences found for species: Triticum sp. CH_E2Amono
No sequences found for species: Triticum sp. CH_M3Sdcum
No sequences found for species: Triticum sp. CH_M4Sdcum
No sequences found for species: Triticum sp. CH_E65Smono
No sequences found for species: Triticum sp. CH_E76Smono
No sequences found for species: Triticum sp. CH_M6Sdcum
No sequences found for species: Triticum sp. CH_E1Amono
No sequences found for species: Triticum sp. CH_M5Sdcum
No sequences found for species: Triticum sp. CH_M7Sdcum
No sequences found for species: Triticum sp. CH_E108Smono
No sequences found for species: Triticum sp. CH_E10Amono
No sequences found for species: Triticum sp. CH_E15Amono
No sequences found for species: Triticum sp. CH_E19Amono
No sequences found for species: Triticum sp. CH_E39Amono
No sequences found for species: Triticum sp. CH_E102Smono
No sequences found for species: Triticum sp. CH_M8Sdcum
No sequences found for species: Triticum sp. CH_E28Amono
No sequences found for species: Triticum sp. CH_M53Sdcum
No sequences found for species: Triticum sp. CH_M59Adcum
No sequences found for species: Triticum sp. CH_E16Amono
No sequences found for species: Triticum sp. CH_E24Amono
No sequences found for species: Triticum sp. CH_M67Adcum
No sequences found for species: Triticum x fungicidum
No sequences found for species: Triticum x soveticum
No sequences found for species: Triticum x timococcum
No sequences found for species: Triticum x dimococcum
No sequences found for species: Triticum ispahanicum
No sequences found for species: Triticum antiquorum
No sequences found for species: Triticum flaksbergeri
No sequences found for species: Triticum palmovae
No sequences found for species: Triticum petropavlovskyi
No sequences found for species: Triticum aestivum x Triticum dicoccoides
No sequences found for species: Triticum sp. 2013053106-2
No sequences found for species: Triticum monococcum subsp. aegilopoides x Triticum urartu
No sequences found for species: Triticum sp. JD-2016
No sequences found for species: Triticum sp. US:3560552
No sequences found for species: Triticum sp. HP75C
No sequences found for species: Triticum sp. RS2089
No sequences found for species: Triticum dicoccoides x Triticum turgidum subsp. durum
No sequences found for species: Triticum hybrid cultivar
